<?xml version="1.0" encoding="UTF-8"?>
<!-- Generated by org.testng.reporters.JUnitReportReporter -->
<testsuite hostname="dev-machine" name="TestId.GoogleLogin2.LoginAndLogout" tests="1" failures="0" timestamp="24 May 2016 19:42:37 GMT" time="17.408" errors="0">
  <testcase name="loginAndLogout" time="17.408" classname="TestId.GoogleLogin2.LoginAndLogout"/>
</testsuite> <!-- TestId.GoogleLogin2.LoginAndLogout -->
